<?xml version="1.0" encoding="UTF-8"?>
<testng-results ignored="0" total="3" passed="3" failed="0" skipped="0">
  <reporter-output>
  </reporter-output>
  <suite started-at="2026-05-10T21:33:48 EDT" name="Default suite" finished-at="2026-05-10T21:34:11 EDT" duration-ms="22988">
    <groups>
    </groups>
    <test started-at="2026-05-10T21:33:48 EDT" name="Default test" finished-at="2026-05-10T21:34:11 EDT" duration-ms="22988">
      <class name="ParameterisedTest.ParaTest_Multiple">
        <test-method is-config="true" signature="openBrowser()[pri:0, instance:ParameterisedTest.ParaTest_Multiple@71ba6d4e]" started-at="2026-05-10T21:33:48 EDT" name="openBrowser" finished-at="2026-05-10T21:33:50 EDT" duration-ms="1839" status="PASS">
          <reporter-output>
          </reporter-output>
        </test-method> <!-- openBrowser -->
        <test-method signature="login(java.lang.String,java.lang.String)[pri:0, instance:ParameterisedTest.ParaTest_Multiple@71ba6d4e]" started-at="2026-05-10T21:33:50 EDT" name="login" data-provider="dp" finished-at="2026-05-10T21:33:55 EDT" duration-ms="5483" status="PASS">
          <params>
            <param index="0">
              <value>
                <![CDATA[tops123@gmail.com]]>
              </value>
            </param>
            <param index="1">
              <value>
                <![CDATA[tops1234]]>
              </value>
            </param>
          </params>
          <reporter-output>
          </reporter-output>
        </test-method> <!-- login -->
        <test-method signature="login(java.lang.String,java.lang.String)[pri:0, instance:ParameterisedTest.ParaTest_Multiple@71ba6d4e]" started-at="2026-05-10T21:33:55 EDT" name="login" data-provider="dp" finished-at="2026-05-10T21:34:01 EDT" duration-ms="5257" status="PASS">
          <params>
            <param index="0">
              <value>
                <![CDATA[tech123@gmail.com]]>
              </value>
            </param>
            <param index="1">
              <value>
                <![CDATA[tech1234]]>
              </value>
            </param>
          </params>
          <reporter-output>
          </reporter-output>
        </test-method> <!-- login -->
        <test-method signature="login(java.lang.String,java.lang.String)[pri:0, instance:ParameterisedTest.ParaTest_Multiple@71ba6d4e]" started-at="2026-05-10T21:34:01 EDT" name="login" data-provider="dp" finished-at="2026-05-10T21:34:06 EDT" duration-ms="5243" status="PASS">
          <params>
            <param index="0">
              <value>
                <![CDATA[abc123@gmail.com]]>
              </value>
            </param>
            <param index="1">
              <value>
                <![CDATA[abc1234]]>
              </value>
            </param>
          </params>
          <reporter-output>
          </reporter-output>
        </test-method> <!-- login -->
        <test-method is-config="true" signature="closeBrowser()[pri:0, instance:ParameterisedTest.ParaTest_Multiple@71ba6d4e]" started-at="2026-05-10T21:34:06 EDT" name="closeBrowser" finished-at="2026-05-10T21:34:11 EDT" duration-ms="5120" status="PASS">
          <reporter-output>
          </reporter-output>
        </test-method> <!-- closeBrowser -->
      </class> <!-- ParameterisedTest.ParaTest_Multiple -->
    </test> <!-- Default test -->
  </suite> <!-- Default suite -->
</testng-results>
