<?xml version="1.0" encoding="UTF-8"?>
<!-- Generated by org.testng.reporters.JUnitXMLReporter -->
<testsuite ignored="0" hostname="LAPTOP-SEBITRC5" failures="0" tests="3" name="Default test" time="22.988" errors="0" timestamp="2026-05-10T21:34:11 EDT">
  <testcase classname="ParameterisedTest.ParaTest_Multiple" name="login" time="5.483"/>
  <testcase classname="ParameterisedTest.ParaTest_Multiple" name="login" time="5.257"/>
  <testcase classname="ParameterisedTest.ParaTest_Multiple" name="login" time="5.243"/>
</testsuite> <!-- Default test -->
