<?xml version="1.0" encoding="UTF-8"?>
<!-- Generated by org.testng.reporters.JUnitXMLReporter -->
<testsuite ignored="4" hostname="LAPTOP-SEBITRC5" failures="0" tests="3" name="sanityTest" time="0.016" errors="0" timestamp="2022-06-30T23:37:55 EDT">
  <testcase classname="group.NewTest1" name="cart" time="0.002"/>
  <testcase classname="group.NewTest1" name="payment" time="0.007"/>
  <testcase classname="group.NewTest2" name="home" time="0.001"/>
  <testcase classname="group.NewTest1" name="order" time="0.0">
    <ignored/>
  </testcase> <!-- order -->
  <testcase classname="group.NewTest2" name="alpha" time="0.0">
    <ignored/>
  </testcase> <!-- alpha -->
  <testcase classname="group.NewTest2" name="login" time="0.0">
    <ignored/>
  </testcase> <!-- login -->
  <testcase classname="group.NewTest2" name="beta" time="0.0">
    <ignored/>
  </testcase> <!-- beta -->
</testsuite> <!-- sanityTest -->
