<?xml version="1.0" encoding="UTF-8"?>
<!-- Generated by org.testng.reporters.JUnitXMLReporter -->
<testsuite ignored="3" hostname="hp" failures="0" tests="4" name="Test1" time="0.193" errors="0" timestamp="2021-10-07T22:59:37 EDT">
  <testcase classname="com.NewTest" name="login" time="0.019"/>
  <testcase classname="com.NewTest" name="beta" time="0.003"/>
  <testcase classname="com.NewTest" name="home" time="0.004"/>
  <testcase classname="com.NewTest1" name="cart" time="0.009"/>
  <testcase classname="com.NewTest" name="alpha" time="0.0">
    <ignored/>
  </testcase> <!-- alpha -->
  <testcase classname="com.NewTest1" name="payment" time="0.0">
    <ignored/>
  </testcase> <!-- payment -->
  <testcase classname="com.NewTest1" name="order" time="0.0">
    <ignored/>
  </testcase> <!-- order -->
</testsuite> <!-- Test1 -->
