<?xml version="1.0" encoding="UTF-8"?>
<!-- Generated by org.testng.reporters.JUnitXMLReporter -->
<testsuite ignored="5" hostname="LAPTOP-SEBITRC5" failures="0" tests="2" name="smokeTest" time="0.06" errors="0" timestamp="2026-04-11T22:32:39 EDT">
  <testcase classname="group.NewTest2" name="alpha" time="0.011"/>
  <testcase classname="group.NewTest2" name="beta" time="0.002"/>
  <testcase classname="group.NewTest1" name="cart" time="0.0">
    <ignored/>
  </testcase> <!-- cart -->
  <testcase classname="group.NewTest2" name="home" time="0.0">
    <ignored/>
  </testcase> <!-- home -->
  <testcase classname="group.NewTest1" name="order" time="0.0">
    <ignored/>
  </testcase> <!-- order -->
  <testcase classname="group.NewTest2" name="login" time="0.0">
    <ignored/>
  </testcase> <!-- login -->
  <testcase classname="group.NewTest1" name="payment" time="0.0">
    <ignored/>
  </testcase> <!-- payment -->
</testsuite> <!-- smokeTest -->
