<?xml version="1.0" encoding="UTF-8"?>
<!-- Generated by org.testng.reporters.JUnitXMLReporter -->
<testsuite ignored="0" hostname="LAPTOP-SEBITRC5" failures="1" tests="2" name="Test" time="0.071" errors="0" timestamp="2026-05-24T23:50:23 EDT">
  <testcase classname="listener.TitleCheck" name="test1" time="0.011"/>
  <testcase classname="listener.TitleCheck" name="test2" time="0.005">
    <failure type="java.lang.AssertionError">
      <![CDATA[java.lang.AssertionError
at org.junit.Assert.fail(Assert.java:87)
at org.junit.Assert.assertTrue(Assert.java:42)
at org.junit.Assert.assertFalse(Assert.java:65)
at org.junit.Assert.assertFalse(Assert.java:75)
at listener.TitleCheck.test2(TitleCheck.java:18)
at java.base/java.util.ArrayList.forEach(ArrayList.java:1596)
... Removed 25 stack frames]]>
    </failure>
  </testcase> <!-- test2 -->
</testsuite> <!-- Test -->
