<?xml version="1.0" encoding="UTF-8"?>
<!-- Generated by org.testng.reporters.JUnitXMLReporter -->
<testsuite ignored="3" hostname="LAPTOP-SEBITRC5" failures="0" tests="4" name="Test1" time="0.061" errors="0" timestamp="2026-04-11T20:48:58 EDT">
  <testcase classname="com.NewTest" name="home" time="0.006"/>
  <testcase classname="com.NewTest" name="login" time="0.001"/>
  <testcase classname="com.NewTest" name="beta" time="0.001"/>
  <testcase classname="com.NewTest1" name="cart" time="0.002"/>
  <testcase classname="com.NewTest" name="alpha" time="0.0">
    <ignored/>
  </testcase> <!-- alpha -->
  <testcase classname="com.NewTest1" name="payment" time="0.0">
    <ignored/>
  </testcase> <!-- payment -->
  <testcase classname="com.NewTest1" name="order" time="0.0">
    <ignored/>
  </testcase> <!-- order -->
</testsuite> <!-- Test1 -->
