<?xml version="1.0" encoding="UTF-8"?>
<!-- Generated by org.testng.reporters.JUnitXMLReporter -->
<testsuite ignored="0" hostname="LAPTOP-SEBITRC5" failures="0" tests="7" name="Test2" time="0.021" errors="0" timestamp="2026-04-11T20:48:58 EDT">
  <testcase classname="com.NewTest1" name="cart" time="0.001"/>
  <testcase classname="com.NewTest1" name="order" time="0.001"/>
  <testcase classname="com.NewTest1" name="payment" time="0.001"/>
  <testcase classname="com.NewTest2" name="alpha" time="0.001"/>
  <testcase classname="com.NewTest2" name="beta" time="0.001"/>
  <testcase classname="com.NewTest2" name="home" time="0.001"/>
  <testcase classname="com.NewTest2" name="login" time="0.001"/>
</testsuite> <!-- Test2 -->
