<?xml version="1.0" encoding="UTF-8"?>
<!-- Generated by org.testng.reporters.JUnitReportReporter -->
<testsuite hostname="LAPTOP-SEBITRC5" failures="0" tests="3" name="group.NewTest2" time="0.014" errors="0" timestamp="2022-06-30T23:37:55 EDT" skipped="0">
  <testcase classname="group.NewTest2" name="home" time="0.001"/>
  <system-out/>
  <testcase classname="group.NewTest2" name="beta" time="0.001"/>
  <system-out/>
  <testcase classname="group.NewTest2" name="alpha" time="0.012"/>
  <system-out/>
</testsuite> <!-- group.NewTest2 -->
