<?xml version="1.0" encoding="UTF-8"?>
<!-- Generated by org.testng.reporters.JUnitReportReporter -->
<testsuite hostname="LAPTOP-SEBITRC5" failures="0" tests="4" name="Fb_DataDriven.FbDataDrivenTest" time="26.675" errors="0" timestamp="2022-06-30T23:48:54 EDT" skipped="0">
  <testcase classname="Fb_DataDriven.FbDataDrivenTest" name="login" time="6.660"/>
  <system-out/>
  <testcase classname="Fb_DataDriven.FbDataDrivenTest" name="login" time="6.625"/>
  <system-out/>
  <testcase classname="Fb_DataDriven.FbDataDrivenTest" name="login" time="6.637"/>
  <system-out/>
  <testcase classname="Fb_DataDriven.FbDataDrivenTest" name="login" time="6.753"/>
  <system-out/>
</testsuite> <!-- Fb_DataDriven.FbDataDrivenTest -->
