<?xml version="1.0" encoding="UTF-8"?>
<!-- Generated by org.testng.reporters.JUnitReportReporter -->
<testsuite hostname="hp" failures="0" tests="3" name="PracticeTestNG.NewTest" time="0.041" errors="0" timestamp="2021-09-01T21:18:22 EDT" skipped="0">
  <testcase classname="PracticeTestNG.NewTest" name="login" time="0.031"/>
  <system-out/>
  <testcase classname="PracticeTestNG.NewTest" name="home" time="0.005"/>
  <system-out/>
  <testcase classname="PracticeTestNG.NewTest" name="beta" time="0.005"/>
  <system-out/>
</testsuite> <!-- PracticeTestNG.NewTest -->
