<?xml version="1.0" encoding="UTF-8"?>
<!-- Generated by org.testng.reporters.JUnitReportReporter -->
<testsuite hostname="LAPTOP-SEBITRC5" failures="0" tests="4" name="com.NewTest" time="0.021" errors="0" timestamp="2024-06-18T00:38:08 EDT" skipped="0">
  <testcase classname="com.NewTest" name="login" time="0.006"/>
  <testcase classname="com.NewTest" name="beta" time="0.003"/>
  <testcase classname="com.NewTest" name="home" time="0.009"/>
  <testcase classname="com.NewTest" name="alpha" time="0.003"/>
</testsuite> <!-- com.NewTest -->
