<?xml version="1.0" encoding="UTF-8"?>
<!-- Generated by org.testng.reporters.JUnitReportReporter -->
<testsuite hostname="LAPTOP-SEBITRC5" failures="0" tests="4" name="com.NewTest2" time="0.018" errors="0" timestamp="2024-06-18T00:51:05 EDT" skipped="1">
  <testcase classname="com.NewTest2" name="login" time="0.001"/>
  <testcase classname="com.NewTest2" name="alpha" time="0.016"/>
  <testcase classname="com.NewTest2" name="home" time="0.001"/>
  <testcase classname="com.NewTest2" name="beta">
    <skipped/>
  </testcase> <!-- beta -->
</testsuite> <!-- com.NewTest2 -->
