<?xml version="1.0" encoding="UTF-8"?>
<!-- Generated by org.testng.reporters.JUnitReportReporter -->
<testsuite hostname="hp" failures="0" tests="5" name="HybridDriven.copy.HybridDrivenTest" time="39.095" errors="0" timestamp="2021-09-21T17:59:00 EDT" skipped="0">
  <testcase classname="HybridDriven.copy.HybridDrivenTest" name="hybridTest" time="6.005"/>
  <system-out/>
  <testcase classname="HybridDriven.copy.HybridDrivenTest" name="hybridTest" time="9.139"/>
  <system-out/>
  <testcase classname="HybridDriven.copy.HybridDrivenTest" name="hybridTest" time="11.939"/>
  <system-out/>
  <testcase classname="HybridDriven.copy.HybridDrivenTest" name="hybridTest" time="6.005"/>
  <system-out/>
  <testcase classname="HybridDriven.copy.HybridDrivenTest" name="hybridTest" time="6.007"/>
  <system-out/>
</testsuite> <!-- HybridDriven.copy.HybridDrivenTest -->
