<?xml version="1.0" encoding="UTF-8"?>
<!-- Generated by org.testng.reporters.JUnitReportReporter -->
<testsuite hostname="LAPTOP-SEBITRC5" failures="0" tests="12" name="HybridDriven.HybridTest" time="75.107" errors="0" timestamp="2022-07-01T00:02:28 EDT" skipped="0">
  <testcase classname="HybridDriven.HybridTest" name="login" time="6.081"/>
  <system-out/>
  <testcase classname="HybridDriven.HybridTest" name="login" time="6.999"/>
  <system-out/>
  <testcase classname="HybridDriven.HybridTest" name="login" time="6.087"/>
  <system-out/>
  <testcase classname="HybridDriven.HybridTest" name="login" time="6.085"/>
  <system-out/>
  <testcase classname="HybridDriven.HybridTest" name="login" time="6.099"/>
  <system-out/>
  <testcase classname="HybridDriven.HybridTest" name="login" time="6.071"/>
  <system-out/>
  <testcase classname="HybridDriven.HybridTest" name="login" time="6.061"/>
  <system-out/>
  <testcase classname="HybridDriven.HybridTest" name="login" time="7.280"/>
  <system-out/>
  <testcase classname="HybridDriven.HybridTest" name="login" time="6.075"/>
  <system-out/>
  <testcase classname="HybridDriven.HybridTest" name="login" time="6.106"/>
  <system-out/>
  <testcase classname="HybridDriven.HybridTest" name="login" time="6.075"/>
  <system-out/>
  <testcase classname="HybridDriven.HybridTest" name="login" time="6.088"/>
  <system-out/>
</testsuite> <!-- HybridDriven.HybridTest -->
