<?xml version="1.0" encoding="UTF-8"?>
<!-- Generated by org.testng.reporters.JUnitReportReporter -->
<testsuite hostname="LAPTOP-SEBITRC5" failures="0" tests="3" name="ParameterisedTest.ParaTest_Multiple" time="15.961" errors="0" timestamp="2022-07-01T15:23:29 EDT" skipped="0">
  <testcase classname="ParameterisedTest.ParaTest_Multiple" name="login" time="5.307"/>
  <system-out/>
  <testcase classname="ParameterisedTest.ParaTest_Multiple" name="login" time="5.261"/>
  <system-out/>
  <testcase classname="ParameterisedTest.ParaTest_Multiple" name="login" time="5.393"/>
  <system-out/>
</testsuite> <!-- ParameterisedTest.ParaTest_Multiple -->
