<?xml version="1.0" encoding="UTF-8"?>
<!-- Generated by org.testng.reporters.JUnitXMLReporter -->
<testsuite ignored="1" hostname="LAPTOP-SEBITRC5" failures="0" tests="3" name="Default test" time="0.061" errors="0" timestamp="2024-06-18T00:51:04 EDT">
  <testcase classname="com.NewTest2" name="alpha" time="0.016"/>
  <testcase classname="com.NewTest2" name="home" time="0.001"/>
  <testcase classname="com.NewTest2" name="login" time="0.001"/>
  <testcase classname="com.NewTest2" name="beta" time="0.0">
    <ignored/>
  </testcase> <!-- beta -->
</testsuite> <!-- Default test -->
