<?xml version="1.0" encoding="UTF-8"?>
<!-- Generated by org.testng.reporters.JUnitReportReporter -->
<testsuite hostname="hp" failures="0" tests="12" name="Hybrid0921.HybridTest" time="90.135" errors="0" timestamp="2021-10-08T09:56:18 EDT" skipped="0">
  <testcase classname="Hybrid0921.HybridTest" name="login" time="10.550"/>
  <system-out/>
  <testcase classname="Hybrid0921.HybridTest" name="login" time="6.255"/>
  <system-out/>
  <testcase classname="Hybrid0921.HybridTest" name="login" time="6.297"/>
  <system-out/>
  <testcase classname="Hybrid0921.HybridTest" name="login" time="6.309"/>
  <system-out/>
  <testcase classname="Hybrid0921.HybridTest" name="login" time="6.309"/>
  <system-out/>
  <testcase classname="Hybrid0921.HybridTest" name="login" time="16.818"/>
  <system-out/>
  <testcase classname="Hybrid0921.HybridTest" name="login" time="6.284"/>
  <system-out/>
  <testcase classname="Hybrid0921.HybridTest" name="login" time="6.207"/>
  <system-out/>
  <testcase classname="Hybrid0921.HybridTest" name="login" time="6.265"/>
  <system-out/>
  <testcase classname="Hybrid0921.HybridTest" name="login" time="6.287"/>
  <system-out/>
  <testcase classname="Hybrid0921.HybridTest" name="login" time="6.342"/>
  <system-out/>
  <testcase classname="Hybrid0921.HybridTest" name="login" time="6.212"/>
  <system-out/>
</testsuite> <!-- Hybrid0921.HybridTest -->
