<?xml version="1.0" encoding="UTF-8"?>
<!-- Generated by org.testng.reporters.JUnitReportReporter -->
<testsuite hostname="LAPTOP-SEBITRC5" failures="0" tests="3" name="dependency.DependDemo" time="0.017" errors="1" timestamp="2026-05-10T19:48:58 EDT" skipped="2">
  <testcase classname="dependency.DependDemo" name="registration" time="0.017">
    <error message="
Expected exception of type class java.lang.Exception but got java.lang.AssertionError" type="org.testng.TestException">
      <![CDATA[org.testng.TestException: 
Expected exception of type class java.lang.Exception but got java.lang.AssertionError
at org.testng.internal.invokers.ExpectedExceptionsHolder.wrongException(ExpectedExceptionsHolder.java:67)
at org.testng.internal.invokers.TestInvoker.considerExceptions(TestInvoker.java:850)
at org.testng.internal.invokers.TestInvoker.invokeMethod(TestInvoker.java:718)
at org.testng.internal.invokers.TestInvoker.invokeTestMethod(TestInvoker.java:227)
at org.testng.internal.invokers.MethodRunner.runInSequence(MethodRunner.java:50)
at org.testng.internal.invokers.TestInvoker$MethodInvocationAgent.invoke(TestInvoker.java:957)
at org.testng.internal.invokers.TestInvoker.invokeTestMethods(TestInvoker.java:200)
at org.testng.internal.invokers.TestMethodWorker.invokeTestMethods(TestMethodWorker.java:148)
at org.testng.internal.invokers.TestMethodWorker.run(TestMethodWorker.java:128)
at java.base/java.util.ArrayList.forEach(ArrayList.java:1511)
at org.testng.TestRunner.privateRun(TestRunner.java:848)
at org.testng.TestRunner.run(TestRunner.java:621)
at org.testng.SuiteRunner.runTest(SuiteRunner.java:443)
at org.testng.SuiteRunner.runSequentially(SuiteRunner.java:437)
at org.testng.SuiteRunner.privateRun(SuiteRunner.java:397)
at org.testng.SuiteRunner.run(SuiteRunner.java:336)
at org.testng.SuiteRunnerWorker.runSuite(SuiteRunnerWorker.java:52)
at org.testng.SuiteRunnerWorker.run(SuiteRunnerWorker.java:95)
at org.testng.TestNG.runSuitesSequentially(TestNG.java:1280)
at org.testng.TestNG.runSuitesLocally(TestNG.java:1200)
at org.testng.TestNG.runSuites(TestNG.java:1114)
at org.testng.TestNG.run(TestNG.java:1082)
at org.testng.remote.AbstractRemoteTestNG.run(AbstractRemoteTestNG.java:115)
at org.testng.remote.RemoteTestNG.initAndRun(RemoteTestNG.java:251)
at org.testng.remote.RemoteTestNG.main(RemoteTestNG.java:77)
Caused by: java.lang.AssertionError
at org.junit.Assert.fail(Assert.java:87)
at org.junit.Assert.assertTrue(Assert.java:42)
at org.junit.Assert.assertFalse(Assert.java:65)
at org.junit.Assert.assertFalse(Assert.java:75)
at dependency.DependDemo.registration(DependDemo.java:13)
at java.base/jdk.internal.reflect.DirectMethodHandleAccessor.invoke(DirectMethodHandleAccessor.java:104)
at java.base/java.lang.reflect.Method.invoke(Method.java:577)
at org.testng.internal.invokers.MethodInvocationHelper.invokeMethod(MethodInvocationHelper.java:139)
at org.testng.internal.invokers.TestInvoker.invokeMethod(TestInvoker.java:664)
... 22 more
]]>
    </error>
  </testcase> <!-- registration -->
  <testcase classname="dependency.DependDemo" name="login" time="0.000">
    <skipped/>
  </testcase> <!-- login -->
  <testcase classname="dependency.DependDemo" name="home" time="0.000">
    <skipped/>
  </testcase> <!-- home -->
</testsuite> <!-- dependency.DependDemo -->
