<?xml version="1.0" encoding="UTF-8"?>
<!-- Generated by org.testng.reporters.JUnitReportReporter -->
<testsuite hostname="LAPTOP-SEBITRC5" failures="0" tests="4" name="com.NewTest" time="0.020" errors="0" timestamp="2026-05-10T19:32:53 EDT" skipped="0">
  <testcase classname="com.NewTest" name="home" time="0.006"/>
  <testcase classname="com.NewTest" name="login" time="0.003"/>
  <testcase classname="com.NewTest" name="alpha" time="0.008"/>
  <testcase classname="com.NewTest" name="beta" time="0.003"/>
</testsuite> <!-- com.NewTest -->
