<?xml version="1.0" encoding="UTF-8"?>
<!-- Generated by org.testng.reporters.JUnitReportReporter -->
<testsuite hostname="LAPTOP-SEBITRC5" failures="0" tests="3" name="ParameterisedTest.ParaTest_Multiple" time="15.983" errors="0" timestamp="2026-05-10T21:34:11 EDT" skipped="0">
  <testcase classname="ParameterisedTest.ParaTest_Multiple" name="login" time="5.243"/>
  <testcase classname="ParameterisedTest.ParaTest_Multiple" name="login" time="5.257"/>
  <testcase classname="ParameterisedTest.ParaTest_Multiple" name="login" time="5.483"/>
</testsuite> <!-- ParameterisedTest.ParaTest_Multiple -->
