<?xml version="1.0" encoding="UTF-8"?>
<!-- Generated by org.testng.reporters.JUnitReportReporter -->
<testsuite hostname="LAPTOP-SEBITRC5" failures="0" tests="4" name="com.Test1" time="0.019" errors="0" timestamp="2026-05-10T19:27:49 EDT" skipped="0">
  <testcase classname="com.Test1" name="login" time="0.001"/>
  <testcase classname="com.Test1" name="beta" time="0.001"/>
  <testcase classname="com.Test1" name="home" time="0.001"/>
  <testcase classname="com.Test1" name="alpha" time="0.016"/>
</testsuite> <!-- com.Test1 -->
