<?xml version="1.0" encoding="UTF-8"?>
<!-- Generated by org.testng.reporters.JUnitReportReporter -->
<testsuite hostname="LAPTOP-SEBITRC5" failures="0" tests="4" name="HybridDriven.h1Test" time="25.124" errors="0" timestamp="2023-04-10T17:57:57 EDT" skipped="0">
  <testcase classname="HybridDriven.h1Test" name="login" time="6.015"/>
  <system-out/>
  <testcase classname="HybridDriven.h1Test" name="login" time="6.015"/>
  <system-out/>
  <testcase classname="HybridDriven.h1Test" name="login" time="7.090"/>
  <system-out/>
  <testcase classname="HybridDriven.h1Test" name="login" time="6.004"/>
  <system-out/>
</testsuite> <!-- HybridDriven.h1Test -->
