<?xml version="1.0" encoding="UTF-8"?>
<!-- Generated by org.testng.reporters.JUnitReportReporter -->
<testsuite hostname="LAPTOP-SEBITRC5" failures="0" tests="4" name="com.NewTest2" time="0.004" errors="0" timestamp="2026-04-11T20:48:59 EDT" skipped="0">
  <testcase classname="com.NewTest2" name="alpha" time="0.001"/>
  <testcase classname="com.NewTest2" name="login" time="0.001"/>
  <testcase classname="com.NewTest2" name="beta" time="0.001"/>
  <testcase classname="com.NewTest2" name="home" time="0.001"/>
</testsuite> <!-- com.NewTest2 -->
